<?xml version="1.0" encoding="UTF-8"?>
<Site BuildName="(empty)"
	BuildStamp="20250212-1743-Experimental"
	Name="(empty)"
	Generator="ctest-3.30.3"
	CompilerName=""
	CompilerVersion=""
	OSName="Linux"
	Hostname="LinuxPC"
	OSRelease="6.11.0-14-generic"
	OSVersion="#15-Ubuntu SMP PREEMPT_DYNAMIC Fri Jan 10 23:48:25 UTC 2025"
	OSPlatform="x86_64"
	Is64Bits="1"
	VendorString="GenuineIntel"
	VendorID="Intel Corporation"
	FamilyID="6"
	ModelID="158"
	ProcessorCacheSize="9216"
	NumberOfLogicalCPU="6"
	NumberOfPhysicalCPU="6"
	TotalVirtualMemory="4095"
	TotalPhysicalMemory="15138"
	LogicalProcessorsPerPhysical="1"
	ProcessorClockFrequency="4099.92"
	>
	<Testing>
		<StartDateTime>Feb 12 20:45 +03</StartDateTime>
		<StartTestTime>1739382342</StartTestTime>
		<TestList/>
		<EndDateTime>Feb 12 20:45 +03</EndDateTime>
		<EndTestTime>1739382342</EndTestTime>
		<ElapsedMinutes>0</ElapsedMinutes>
	</Testing>
</Site>
